# JRE version: OpenJDK Runtime Environment (21.0.8) (build 21.0.8+-14018985-b1038.68)
# Java VM: OpenJDK 64-Bit Server VM (21.0.8+-14018985-b1038.68, mixed mode, tiered, compressed oops, compressed class ptrs, g1 gc, windows-amd64)
GC Precious Log:
 CardTable entry size: 512
 Card Set container configuration: InlinePtr #cards 5 size 8 Array Of Cards #cards 12 size 40 Howl #buckets 4 coarsen threshold 1843 Howl Bitmap #cards 512 size 80 coarsen threshold 460 Card regions per heap region 1 cards per card region 2048
 CPUs: 4 total, 4 available
 Memory: 3883M
 Large Page Support: Disabled
 NUMA Support: Disabled
 Compressed Oops: Enabled (32-bit)
 Heap Region Size: 1M
 Heap Min Capacity: 256M
 Heap Initial Capacity: 256M
 Heap Max Capacity: 512M
 Pre-touch: Disabled
 Parallel Workers: 4
 Concurrent Workers: 1
 Concurrent Refinement Workers: 4
 Periodic GC: Disabled
Heap:
 garbage-first heap   total 429056K, used 222465K [0x00000000e0000000, 0x0000000100000000)
  region size 1024K, 14 young (14336K), 3 survivors (3072K)
 Metaspace       used 140210K, committed 141632K, reserved 458752K
  class space    used 18777K, committed 19520K, reserved 327680K
GC Heap History (20 events):
Event: 822.746 GC heap before
{Heap before GC invocations=120 (full 0):
 garbage-first heap   total 429056K, used 397101K [0x00000000e0000000, 0x0000000100000000)
  region size 1024K, 156 young (159744K), 8 survivors (8192K)
 Metaspace       used 133014K, committed 134528K, reserved 458752K
  class space    used 17975K, committed 18688K, reserved 327680K
}
Event: 822.783 GC heap after
{Heap after GC invocations=121 (full 0):
 garbage-first heap   total 429056K, used 248669K [0x00000000e0000000, 0x0000000100000000)
  region size 1024K, 10 young (10240K), 10 survivors (10240K)
 Metaspace       used 133014K, committed 134528K, reserved 458752K
  class space    used 17975K, committed 18688K, reserved 327680K
}
Event: 895.742 GC heap before
{Heap before GC invocations=122 (full 0):
 garbage-first heap   total 429056K, used 395101K [0x00000000e0000000, 0x0000000100000000)
  region size 1024K, 154 young (157696K), 10 survivors (10240K)
 Metaspace       used 138054K, committed 139584K, reserved 458752K
  class space    used 18601K, committed 19328K, reserved 327680K
}
Event: 896.095 GC heap after
{Heap after GC invocations=123 (full 0):
 garbage-first heap   total 429056K, used 254813K [0x00000000e0000000, 0x0000000100000000)
  region size 1024K, 16 young (16384K), 16 survivors (16384K)
 Metaspace       used 138054K, committed 139584K, reserved 458752K
  class space    used 18601K, committed 19328K, reserved 327680K
}
Event: 1123.199 GC heap before
{Heap before GC invocations=123 (full 0):
 garbage-first heap   total 429056K, used 388957K [0x00000000e0000000, 0x0000000100000000)
  region size 1024K, 148 young (151552K), 16 survivors (16384K)
 Metaspace       used 138768K, committed 140416K, reserved 458752K
  class space    used 18693K, committed 19456K, reserved 327680K
}
Event: 1125.392 GC heap after
{Heap after GC invocations=124 (full 0):
 garbage-first heap   total 429056K, used 255082K [0x00000000e0000000, 0x0000000100000000)
  region size 1024K, 12 young (12288K), 12 survivors (12288K)
 Metaspace       used 138768K, committed 140416K, reserved 458752K
  class space    used 18693K, committed 19456K, reserved 327680K
}
Event: 1138.230 GC heap before
{Heap before GC invocations=124 (full 0):
 garbage-first heap   total 429056K, used 309354K [0x00000000e0000000, 0x0000000100000000)
  region size 1024K, 65 young (66560K), 12 survivors (12288K)
 Metaspace       used 138982K, committed 140672K, reserved 458752K
  class space    used 18714K, committed 19520K, reserved 327680K
}
Event: 1138.785 GC heap after
{Heap after GC invocations=125 (full 0):
 garbage-first heap   total 429056K, used 258933K [0x00000000e0000000, 0x0000000100000000)
  region size 1024K, 9 young (9216K), 9 survivors (9216K)
 Metaspace       used 138982K, committed 140672K, reserved 458752K
  class space    used 18714K, committed 19520K, reserved 327680K
}
Event: 1200.898 GC heap before
{Heap before GC invocations=125 (full 0):
 garbage-first heap   total 429056K, used 238453K [0x00000000e0000000, 0x0000000100000000)
  region size 1024K, 20 young (20480K), 9 survivors (9216K)
 Metaspace       used 137935K, committed 140672K, reserved 458752K
  class space    used 18444K, committed 19520K, reserved 327680K
}
Event: 1202.093 GC heap after
{Heap after GC invocations=126 (full 0):
 garbage-first heap   total 429056K, used 228766K [0x00000000e0000000, 0x0000000100000000)
  region size 1024K, 2 young (2048K), 2 survivors (2048K)
 Metaspace       used 137935K, committed 140672K, reserved 458752K
  class space    used 18444K, committed 19520K, reserved 327680K
}
Event: 1228.972 GC heap before
{Heap before GC invocations=127 (full 0):
 garbage-first heap   total 429056K, used 247198K [0x00000000e0000000, 0x0000000100000000)
  region size 1024K, 20 young (20480K), 2 survivors (2048K)
 Metaspace       used 138106K, committed 140672K, reserved 458752K
  class space    used 18478K, committed 19520K, reserved 327680K
}
Event: 1229.587 GC heap after
{Heap after GC invocations=128 (full 0):
 garbage-first heap   total 429056K, used 231762K [0x00000000e0000000, 0x0000000100000000)
  region size 1024K, 3 young (3072K), 3 survivors (3072K)
 Metaspace       used 138106K, committed 140672K, reserved 458752K
  class space    used 18478K, committed 19520K, reserved 327680K
}
Event: 1254.639 GC heap before
{Heap before GC invocations=128 (full 0):
 garbage-first heap   total 429056K, used 249170K [0x00000000e0000000, 0x0000000100000000)
  region size 1024K, 20 young (20480K), 3 survivors (3072K)
 Metaspace       used 138341K, committed 140736K, reserved 458752K
  class space    used 18517K, committed 19520K, reserved 327680K
}
Event: 1254.835 GC heap after
{Heap after GC invocations=129 (full 0):
 garbage-first heap   total 429056K, used 226773K [0x00000000e0000000, 0x0000000100000000)
  region size 1024K, 2 young (2048K), 2 survivors (2048K)
 Metaspace       used 138341K, committed 140736K, reserved 458752K
  class space    used 18517K, committed 19520K, reserved 327680K
}
Event: 1268.657 GC heap before
{Heap before GC invocations=129 (full 0):
 garbage-first heap   total 429056K, used 244181K [0x00000000e0000000, 0x0000000100000000)
  region size 1024K, 20 young (20480K), 2 survivors (2048K)
 Metaspace       used 138869K, committed 140736K, reserved 458752K
  class space    used 18596K, committed 19520K, reserved 327680K
}
Event: 1268.825 GC heap after
{Heap after GC invocations=130 (full 0):
 garbage-first heap   total 429056K, used 222622K [0x00000000e0000000, 0x0000000100000000)
  region size 1024K, 3 young (3072K), 3 survivors (3072K)
 Metaspace       used 138869K, committed 140736K, reserved 458752K
  class space    used 18596K, committed 19520K, reserved 327680K
}
Event: 1280.866 GC heap before
{Heap before GC invocations=130 (full 0):
 garbage-first heap   total 429056K, used 240030K [0x00000000e0000000, 0x0000000100000000)
  region size 1024K, 20 young (20480K), 3 survivors (3072K)
 Metaspace       used 139714K, committed 141184K, reserved 458752K
  class space    used 18714K, committed 19520K, reserved 327680K
}
Event: 1281.335 GC heap after
{Heap after GC invocations=131 (full 0):
 garbage-first heap   total 429056K, used 217578K [0x00000000e0000000, 0x0000000100000000)
  region size 1024K, 2 young (2048K), 2 survivors (2048K)
 Metaspace       used 139714K, committed 141184K, reserved 458752K
  class space    used 18714K, committed 19520K, reserved 327680K
}
Event: 1296.820 GC heap before
{Heap before GC invocations=131 (full 0):
 garbage-first heap   total 429056K, used 236010K [0x00000000e0000000, 0x0000000100000000)
  region size 1024K, 20 young (20480K), 2 survivors (2048K)
 Metaspace       used 140192K, committed 141632K, reserved 458752K
  class space    used 18776K, committed 19520K, reserved 327680K
}
Event: 1296.961 GC heap after
{Heap after GC invocations=132 (full 0):
 garbage-first heap   total 429056K, used 212225K [0x00000000e0000000, 0x0000000100000000)
  region size 1024K, 3 young (3072K), 3 survivors (3072K)
 Metaspace       used 140192K, committed 141632K, reserved 458752K
  class space    used 18776K, committed 19520K, reserved 327680K
}

